
> backend@0.0.1 start:dev
> nest start --watch

[2J[3J[H[[90m01:16:34[0m] Starting compilation in watch mode...

[[90m01:16:40[0m] Found 0 errors. Watching for file changes.

[32m[Nest] 14276  - [39m03/02/2026, 01:16:42 [32m    LOG[39m [38;5;3m[NestFactory] [39m[32mStarting Nest application...[39m
[32m[Nest] 14276  - [39m03/02/2026, 01:16:42 [32m    LOG[39m [38;5;3m[InstanceLoader] [39m[32mPrismaModule dependencies initialized[39m[38;5;3m +30ms[39m
[32m[Nest] 14276  - [39m03/02/2026, 01:16:42 [32m    LOG[39m [38;5;3m[InstanceLoader] [39m[32mAppModule dependencies initialized[39m[38;5;3m +3ms[39m
[32m[Nest] 14276  - [39m03/02/2026, 01:16:42 [32m    LOG[39m [38;5;3m[InstanceLoader] [39m[32mTranscriptionModule dependencies initialized[39m[38;5;3m +0ms[39m
[32m[Nest] 14276  - [39m03/02/2026, 01:16:42 [32m    LOG[39m [38;5;3m[InstanceLoader] [39m[32mAnalysisModule dependencies initialized[39m[38;5;3m +0ms[39m
[32m[Nest] 14276  - [39m03/02/2026, 01:16:42 [32m    LOG[39m [38;5;3m[InstanceLoader] [39m[32mExportModule dependencies initialized[39m[38;5;3m +0ms[39m
[32m[Nest] 14276  - [39m03/02/2026, 01:16:42 [32m    LOG[39m [38;5;3m[InstanceLoader] [39m[32mAudioModule dependencies initialized[39m[38;5;3m +0ms[39m
[32m[Nest] 14276  - [39m03/02/2026, 01:16:42 [32m    LOG[39m [38;5;3m[RoutesResolver] [39m[32mAppController {/}:[39m[38;5;3m +41ms[39m
[32m[Nest] 14276  - [39m03/02/2026, 01:16:42 [32m    LOG[39m [38;5;3m[RouterExplorer] [39m[32mMapped {/, GET} route[39m[38;5;3m +4ms[39m
[32m[Nest] 14276  - [39m03/02/2026, 01:16:42 [32m    LOG[39m [38;5;3m[RoutesResolver] [39m[32mAudioController {/audio}:[39m[38;5;3m +1ms[39m
[32m[Nest] 14276  - [39m03/02/2026, 01:16:42 [32m    LOG[39m [38;5;3m[RouterExplorer] [39m[32mMapped {/audio/upload, POST} route[39m[38;5;3m +1ms[39m
[32m[Nest] 14276  - [39m03/02/2026, 01:16:42 [32m    LOG[39m [38;5;3m[RouterExplorer] [39m[32mMapped {/audio/:id, GET} route[39m[38;5;3m +1ms[39m
[32m[Nest] 14276  - [39m03/02/2026, 01:16:42 [32m    LOG[39m [38;5;3m[RoutesResolver] [39m[32mTranscriptionController {/transcription}:[39m[38;5;3m +0ms[39m
[32m[Nest] 14276  - [39m03/02/2026, 01:16:42 [32m    LOG[39m [38;5;3m[RouterExplorer] [39m[32mMapped {/transcription/:audioId, POST} route[39m[38;5;3m +0ms[39m
[32m[Nest] 14276  - [39m03/02/2026, 01:16:42 [32m    LOG[39m [38;5;3m[RouterExplorer] [39m[32mMapped {/transcription/:audioId, GET} route[39m[38;5;3m +1ms[39m
[32m[Nest] 14276  - [39m03/02/2026, 01:16:42 [32m    LOG[39m [38;5;3m[RoutesResolver] [39m[32mAnalysisController {/analysis}:[39m[38;5;3m +0ms[39m
[32m[Nest] 14276  - [39m03/02/2026, 01:16:42 [32m    LOG[39m [38;5;3m[RouterExplorer] [39m[32mMapped {/analysis/:audioId, POST} route[39m[38;5;3m +0ms[39m
[32m[Nest] 14276  - [39m03/02/2026, 01:16:42 [32m    LOG[39m [38;5;3m[RouterExplorer] [39m[32mMapped {/analysis/:audioId, GET} route[39m[38;5;3m +0ms[39m
[32m[Nest] 14276  - [39m03/02/2026, 01:16:42 [32m    LOG[39m [38;5;3m[RoutesResolver] [39m[32mExportController {/export}:[39m[38;5;3m +0ms[39m
[32m[Nest] 14276  - [39m03/02/2026, 01:16:42 [32m    LOG[39m [38;5;3m[RouterExplorer] [39m[32mMapped {/export/:audioId/:format, POST} route[39m[38;5;3m +1ms[39m
[32m[Nest] 14276  - [39m03/02/2026, 01:16:42 [32m    LOG[39m [38;5;3m[RouterExplorer] [39m[32mMapped {/export/:exportId, GET} route[39m[38;5;3m +1ms[39m
[32m[Nest] 14276  - [39m03/02/2026, 01:16:42 [32m    LOG[39m [38;5;3m[RouterExplorer] [39m[32mMapped {/export/audio/:audioId, GET} route[39m[38;5;3m +0ms[39m
[32m[Nest] 14276  - [39m03/02/2026, 01:16:42 [32m    LOG[39m [38;5;3m[NestApplication] [39m[32mNest application successfully started[39m[38;5;3m +6ms[39m
[AudioController] POST /upload received. userId: user123
[AudioService] Starting upload process for userId: user123
[AudioService] File metadata: {
  originalname: 'test1.m4a',
  mimetype: 'audio/mp4',
  size: 73046366,
  path: 'uploads\\1770135572418-188502828-test1.m4a'
}
[AudioService] Saving audio record to DB with path: uploads\1770135572418-188502828-test1.m4a
[AudioService] DB record created with ID: 8d2b5746-aee8-4871-be59-4b338d9a016f
[TranscriptionService] Streaming file to Deepgram: uploads\1770135572418-188502828-test1.m4a
[TranscriptionService] Transcription completed for ID: 8d2b5746-aee8-4871-be59-4b338d9a016f
[Nest] 14276  - 03/02/2026, 01:22:57   ERROR [ExceptionsHandler] PrismaClientValidationError: 
Invalid `this.prisma.analysis.create()` invocation in
C:\Users\PC Blado\Desktop\AIDO\3-Proyectos\Grabadora_IA\backend\src\analysis\analysis.service.ts:144:49

  141 }
  142 
  143 // 5. Save analysis to database
ÔåÆ 144 const analysis = await this.prisma.analysis.create({
        data: {
          audioId: "8d2b5746-aee8-4871-be59-4b338d9a016f",
          summary: "La transcripci├│n presenta una conversaci├│n entre la conductora y Flor de la B, una travesti argentina, actriz y activista. La conversaci├│n comienza con la presentaci├│n de Flor y su trayectoria en el mundo del espect├ículo, que abarca m├ís de 30 a├▒os. Flor destaca que su identidad como travesti es lo que m├ís la representa y que ha sido una lucha constante para ser aceptada y reconocida en la sociedad.\n\nLa conversaci├│n se centra en la importancia de la visibilidad y la representaci├│n de las personas travestis y trans en la sociedad, y c├│mo la presencia de Flor en el mundo del espect├ículo ha sido un paso importante hacia la normalizaci├│n y el reconocimiento de la identidad travesti. Tambi├®n se habla de la lucha por los derechos de las personas travestis y trans, y de la necesidad de seguir trabajando para lograr la igualdad y la justicia.\n\nFlor tambi├®n comparte su propia historia y experiencias, incluyendo la discriminaci├│n y la violencia que ha enfrentado en su vida. La conversaci├│n tambi├®n toca el tema de la tristeza perenne que puede sentirse en la comunidad travesti y trans, y la importancia de la empat├¡a y la comprensi├│n hacia las personas que han sido marginadas y excluidas.\n\nLa conversaci├│n tambi├®n incluye un audio de Susy Shock, otra travesti argentina y activista, que destaca la importancia de la presencia de Flor en el mundo del espect├ículo y su papel como diva y referente para la comunidad travesti y trans. La conversaci├│n finaliza con la reflexi├│n sobre la importancia de la reparaci├│n hist├│rica para las personas travestis y trans que han sido perseguidas y excluidas en la sociedad.",
          tasks: [
            {
              task: "Investigar sobre la ley de reparaci├│n hist├│rica para las travestis",
              assignee: "No especificado"
            },
            {
              task: "Revisar y fundamentar la reparaci├│n hist├│rica para las travestis",
              assignee: "No especificado"
            },
            {
              task: "Asociarse a FuturoC para apoyar la creaci├│n de contenido",
              assignee: "No especificado"
            },
            {
              task: "Seguir hablando y concienciando sobre la igualdad y la empat├¡a",
              assignee: "No especificado"
            },
            {
              task: "Crear espacios para charlar y concienciar sobre la igualdad y la empat├¡a",
              assignee: "Estela D├¡az"
            }
          ],
          hierarchicalSchema: [
            {
              topic: "Identidad travesti",
              subtopics: [
                "Construcci├│n de identidad",
                "Visibilidad y representaci├│n",
                "Lucha contra la discriminaci├│n"
              ],
              timestamp: "inicio"
            },
            {
              topic: "Experiencia personal",
              subtopics: [
                "Infancia y adolescencia",
                "Carrera art├¡stica",
                "Desaf├¡os y logros"
              ],
              timestamp: "medio"
            },
            {
              topic: "Activismo y militancia",
              subtopics: [
                "Lucha por los derechos LGBT",
                "Importancia de la visibilidad",
                "Empat├¡a y comprensi├│n"
              ],
              timestamp: "final"
            }
          ],
      +   schema: JsonNullValueInput | Json
        }
      })

Argument `schema` is missing.
    at throwValidationException (C:\Users\PC Blado\Desktop\AIDO\3-Proyectos\Grabadora_IA\backend\node_modules\@prisma\client\src\runtime\core\errorRendering\throwValidationException.ts:45:9)
    at ei.handleRequestError (C:\Users\PC Blado\Desktop\AIDO\3-Proyectos\Grabadora_IA\backend\node_modules\@prisma\client\src\runtime\RequestHandler.ts:202:7)
    at ei.handleAndLogRequestError (C:\Users\PC Blado\Desktop\AIDO\3-Proyectos\Grabadora_IA\backend\node_modules\@prisma\client\src\runtime\RequestHandler.ts:174:12)
    at ei.request (C:\Users\PC Blado\Desktop\AIDO\3-Proyectos\Grabadora_IA\backend\node_modules\@prisma\client\src\runtime\RequestHandler.ts:143:12)
    at async a (C:\Users\PC Blado\Desktop\AIDO\3-Proyectos\Grabadora_IA\backend\node_modules\@prisma\client\src\runtime\getPrismaClient.ts:833:24)
    at async AnalysisService.analyzeTranscription (C:\Users\PC Blado\Desktop\AIDO\3-Proyectos\Grabadora_IA\backend\src\analysis\analysis.service.ts:144:22)
    at async C:\Users\PC Blado\Desktop\AIDO\3-Proyectos\Grabadora_IA\backend\node_modules\@nestjs\core\router\router-execution-context.js:46:28
    at async C:\Users\PC Blado\Desktop\AIDO\3-Proyectos\Grabadora_IA\backend\node_modules\@nestjs\core\router\router-proxy.js:9:17 {
  clientVersion: '6.19.2'
}
[AudioController] POST /upload received. userId: user123
[AudioService] Starting upload process for userId: user123
[AudioService] File metadata: {
  originalname: 'test2.m4a',
  mimetype: 'audio/x-m4a',
  size: 25065540,
  path: 'uploads\\1770136367448-846479172-test2.m4a'
}
[AudioService] Saving audio record to DB with path: uploads\1770136367448-846479172-test2.m4a
[AudioService] DB record created with ID: 80cf5c42-ba67-463e-ac19-980fe10a9b03
[TranscriptionService] Streaming file to Deepgram: uploads\1770136367448-846479172-test2.m4a
[TranscriptionService] Transcription completed for ID: 80cf5c42-ba67-463e-ac19-980fe10a9b03
[Nest] 14276  - 03/02/2026, 01:33:50   ERROR [ExceptionsHandler] PrismaClientValidationError: 
Invalid `this.prisma.analysis.create()` invocation in
C:\Users\PC Blado\Desktop\AIDO\3-Proyectos\Grabadora_IA\backend\src\analysis\analysis.service.ts:144:49

  141 }
  142 
  143 // 5. Save analysis to database
ÔåÆ 144 const analysis = await this.prisma.analysis.create({
        data: {
          audioId: "80cf5c42-ba67-463e-ac19-980fe10a9b03",
          summary: "La transcripci├│n es una conversaci├│n entre la conductora y Flor de la B, una actriz y activista travesti argentina. La conversaci├│n comienza con la presentaci├│n de Flor de la B y su carrera en el mundo del espect├ículo, que abarca m├ís de 30 a├▒os. Flor de la B habla sobre su identidad y c├│mo ha evolucionado con el tiempo, destacando que se siente orgullosa de ser travesti y que esta identidad la representa de manera m├ís aut├®ntica que cualquier otra etiqueta.\n\nLa conversaci├│n tambi├®n aborda temas como la visibilidad y la representaci├│n en los medios de comunicaci├│n, la importancia de la identidad y la autenticidad, y la lucha por los derechos de las personas trans. Flor de la B comparte su experiencia personal y c├│mo ha logrado superar obst├ículos y alcanzar el ├®xito en su carrera.\n\nLa conductora tambi├®n lee un mensaje de Susy Shock, otra actriz y activista travesti, que destaca la importancia de la visibilidad y la representaci├│n en los medios de comunicaci├│n, y c├│mo Flor de la B es un ejemplo de una \"diva con humanidad\" que utiliza su plataforma para hablar sobre temas importantes y promover la igualdad y la justicia.\n\nEn resumen, la conversaci├│n es una reflexi├│n sobre la identidad, la visibilidad y la representaci├│n en los medios de comunicaci├│n, y c├│mo las personas trans pueden utilizar su plataforma para promover la igualdad y la justicia. Tambi├®n es un homenaje a la carrera y la trayectoria de Flor de la B, y un reconocimiento a su importancia como figura p├║blica y activista en la comunidad trans.",
          tasks: [
            {
              task: "Investigar sobre la identidad de g├®nero y la lucha por los derechos de las personas trans",
              assignee: "No especificado"
            },
            {
              task: "Compartir la historia personal de Flor de la B para concienciar sobre la importancia de la visibilidad y la aceptaci├│n",
              assignee: "Flor de la B"
            },
            {
              task: "Asociarse con Futurock para apoyar la creaci├│n de contenido gratuito y de calidad",
              assignee: "No especificado"
            },
            {
              task: "Reflexionar sobre la construcci├│n de la identidad y la importancia de la autenticidad",
              assignee: "No especificado"
            },
            {
              task: "Compartir el mensaje de Susy Shock sobre la potencia traba y la importancia de las divas con humanidad",
              assignee: "No especificado"
            }
          ],
          hierarchicalSchema: [
            {
              topic: "Identidad y autodescubrimiento",
              subtopics: [
                "La importancia de la identidad travesti",
                "El proceso de autodescubrimiento y aceptaci├│n",
                "La relaci├│n entre identidad y expresi├│n cultural"
              ],
              timestamp: "inicio"
            },
            {
              topic: "Experiencias personales y profesionales",
              subtopics: [
                "La carrera en el mundo del espect├ículo",
                "Desaf├¡os y logros en la industria del entretenimiento",
                "La importancia de la visibilidad y el impacto en la sociedad"
              ],
              timestamp: "medio"
            },
            {
              topic: "Mensajes de apoyo y reflexiones",
              subtopics: [
                "El audio de Susy Shock y su significado",
                "La potencia de la identidad travesti y su representaci├│n",
                "La importancia de la humanidad y la empat├¡a en la sociedad"
              ],
              timestamp: "final"
            }
          ],
      +   schema: JsonNullValueInput | Json
        }
      })

Argument `schema` is missing.
    at throwValidationException (C:\Users\PC Blado\Desktop\AIDO\3-Proyectos\Grabadora_IA\backend\node_modules\@prisma\client\src\runtime\core\errorRendering\throwValidationException.ts:45:9)
    at ei.handleRequestError (C:\Users\PC Blado\Desktop\AIDO\3-Proyectos\Grabadora_IA\backend\node_modules\@prisma\client\src\runtime\RequestHandler.ts:202:7)
    at ei.handleAndLogRequestError (C:\Users\PC Blado\Desktop\AIDO\3-Proyectos\Grabadora_IA\backend\node_modules\@prisma\client\src\runtime\RequestHandler.ts:174:12)
    at ei.request (C:\Users\PC Blado\Desktop\AIDO\3-Proyectos\Grabadora_IA\backend\node_modules\@prisma\client\src\runtime\RequestHandler.ts:143:12)
    at async a (C:\Users\PC Blado\Desktop\AIDO\3-Proyectos\Grabadora_IA\backend\node_modules\@prisma\client\src\runtime\getPrismaClient.ts:833:24)
    at async AnalysisService.analyzeTranscription (C:\Users\PC Blado\Desktop\AIDO\3-Proyectos\Grabadora_IA\backend\src\analysis\analysis.service.ts:144:22)
    at async C:\Users\PC Blado\Desktop\AIDO\3-Proyectos\Grabadora_IA\backend\node_modules\@nestjs\core\router\router-execution-context.js:46:28
    at async C:\Users\PC Blado\Desktop\AIDO\3-Proyectos\Grabadora_IA\backend\node_modules\@nestjs\core\router\router-proxy.js:9:17 {
  clientVersion: '6.19.2'
}
[2J[3J[H[[90m01:36:03[0m] File change detected. Starting incremental compilation...

[96msrc/analysis/analysis.service.ts[0m:[93m34[0m:[93m19[0m - [91merror[0m[90m TS2345: [0mArgument of type 'string' is not assignable to parameter of type 'never'.

[7m34[0m       chunks.push(fullText.substring(i, i + CHUNK_SIZE));
[7m  [0m [91m                  ~~~~~~~~~~~~~~~~~~~~~~~~~~~~~~~~~~~~~[0m

[96msrc/analysis/analysis.service.ts[0m:[93m60[0m:[93m29[0m - [91merror[0m[90m TS2345: [0mArgument of type 'string | null' is not assignable to parameter of type 'never'.
  Type 'null' is not assignable to type 'never'.

[7m60[0m       partialSummaries.push(response.choices[0].message.content);
[7m  [0m [91m                            ~~~~~~~~~~~~~~~~~~~~~~~~~~~~~~~~~~~[0m

[96msrc/analysis/analysis.service.ts[0m:[93m81[0m:[93m7[0m - [91merror[0m[90m TS2322: [0mType 'string | null' is not assignable to type 'string'.
  Type 'null' is not assignable to type 'string'.

[7m81[0m       finalSummary = response.choices[0].message.content;
[7m  [0m [91m      ~~~~~~~~~~~~[0m

[96msrc/analysis/analysis.service.ts[0m:[93m111[0m:[93m9[0m - [91merror[0m[90m TS2322: [0mType 'any[]' is not assignable to type 'never[]'.
  Type 'any' is not assignable to type 'never'.

[7m111[0m         allTasks = [...allTasks, ...chunkTasks];
[7m   [0m [91m        ~~~~~~~~[0m

[96msrc/analysis/analysis.service.ts[0m:[93m142[0m:[93m9[0m - [91merror[0m[90m TS2322: [0mType 'any[]' is not assignable to type 'never[]'.
  Type 'any' is not assignable to type 'never'.

[7m142[0m         fullSchema = [...fullSchema, ...chunkTopics];
[7m   [0m [91m        ~~~~~~~~~~[0m

[[90m01:36:04[0m] Found 5 errors. Watching for file changes.

[2J[3J[H[[90m01:36:05[0m] File change detected. Starting incremental compilation...

[96msrc/analysis/analysis.service.ts[0m:[93m34[0m:[93m19[0m - [91merror[0m[90m TS2345: [0mArgument of type 'string' is not assignable to parameter of type 'never'.

[7m34[0m       chunks.push(fullText.substring(i, i + CHUNK_SIZE));
[7m  [0m [91m                  ~~~~~~~~~~~~~~~~~~~~~~~~~~~~~~~~~~~~~[0m

[96msrc/analysis/analysis.service.ts[0m:[93m60[0m:[93m29[0m - [91merror[0m[90m TS2345: [0mArgument of type 'string | null' is not assignable to parameter of type 'never'.
  Type 'null' is not assignable to type 'never'.

[7m60[0m       partialSummaries.push(response.choices[0].message.content);
[7m  [0m [91m                            ~~~~~~~~~~~~~~~~~~~~~~~~~~~~~~~~~~~[0m

[96msrc/analysis/analysis.service.ts[0m:[93m81[0m:[93m7[0m - [91merror[0m[90m TS2322: [0mType 'string | null' is not assignable to type 'string'.
  Type 'null' is not assignable to type 'string'.

[7m81[0m       finalSummary = response.choices[0].message.content;
[7m  [0m [91m      ~~~~~~~~~~~~[0m

[96msrc/analysis/analysis.service.ts[0m:[93m111[0m:[93m9[0m - [91merror[0m[90m TS2322: [0mType 'any[]' is not assignable to type 'never[]'.
  Type 'any' is not assignable to type 'never'.

[7m111[0m         allTasks = [...allTasks, ...chunkTasks];
[7m   [0m [91m        ~~~~~~~~[0m

[96msrc/analysis/analysis.service.ts[0m:[93m142[0m:[93m9[0m - [91merror[0m[90m TS2322: [0mType 'any[]' is not assignable to type 'never[]'.
  Type 'any' is not assignable to type 'never'.

[7m142[0m         fullSchema = [...fullSchema, ...chunkTopics];
[7m   [0m [91m        ~~~~~~~~~~[0m

[[90m01:36:05[0m] Found 5 errors. Watching for file changes.

[2J[3J[H[[90m01:36:06[0m] File change detected. Starting incremental compilation...

[96msrc/analysis/analysis.service.ts[0m:[93m34[0m:[93m19[0m - [91merror[0m[90m TS2345: [0mArgument of type 'string' is not assignable to parameter of type 'never'.

[7m34[0m       chunks.push(fullText.substring(i, i + CHUNK_SIZE));
[7m  [0m [91m                  ~~~~~~~~~~~~~~~~~~~~~~~~~~~~~~~~~~~~~[0m

[96msrc/analysis/analysis.service.ts[0m:[93m60[0m:[93m29[0m - [91merror[0m[90m TS2345: [0mArgument of type 'string | null' is not assignable to parameter of type 'never'.
  Type 'null' is not assignable to type 'never'.

[7m60[0m       partialSummaries.push(response.choices[0].message.content);
[7m  [0m [91m                            ~~~~~~~~~~~~~~~~~~~~~~~~~~~~~~~~~~~[0m

[96msrc/analysis/analysis.service.ts[0m:[93m81[0m:[93m7[0m - [91merror[0m[90m TS2322: [0mType 'string | null' is not assignable to type 'string'.
  Type 'null' is not assignable to type 'string'.

[7m81[0m       finalSummary = response.choices[0].message.content;
[7m  [0m [91m      ~~~~~~~~~~~~[0m

[96msrc/analysis/analysis.service.ts[0m:[93m111[0m:[93m9[0m - [91merror[0m[90m TS2322: [0mType 'any[]' is not assignable to type 'never[]'.
  Type 'any' is not assignable to type 'never'.

[7m111[0m         allTasks = [...allTasks, ...chunkTasks];
[7m   [0m [91m        ~~~~~~~~[0m

[96msrc/analysis/analysis.service.ts[0m:[93m142[0m:[93m9[0m - [91merror[0m[90m TS2322: [0mType 'any[]' is not assignable to type 'never[]'.
  Type 'any' is not assignable to type 'never'.

[7m142[0m         fullSchema = [...fullSchema, ...chunkTopics];
[7m   [0m [91m        ~~~~~~~~~~[0m

[[90m01:36:07[0m] Found 5 errors. Watching for file changes.

