
> backend@0.0.1 start:dev
> nest start --watch

[2J[3J[H[[90m01:51:24[0m] Starting compilation in watch mode...

[[90m01:51:28[0m] Found 0 errors. Watching for file changes.

[32m[Nest] 17808  - [39m03/02/2026, 01:51:30 [32m    LOG[39m [38;5;3m[NestFactory] [39m[32mStarting Nest application...[39m
[32m[Nest] 17808  - [39m03/02/2026, 01:51:30 [32m    LOG[39m [38;5;3m[InstanceLoader] [39m[32mPrismaModule dependencies initialized[39m[38;5;3m +59ms[39m
[32m[Nest] 17808  - [39m03/02/2026, 01:51:30 [32m    LOG[39m [38;5;3m[InstanceLoader] [39m[32mAppModule dependencies initialized[39m[38;5;3m +35ms[39m
[32m[Nest] 17808  - [39m03/02/2026, 01:51:30 [32m    LOG[39m [38;5;3m[InstanceLoader] [39m[32mTranscriptionModule dependencies initialized[39m[38;5;3m +1ms[39m
[32m[Nest] 17808  - [39m03/02/2026, 01:51:30 [32m    LOG[39m [38;5;3m[InstanceLoader] [39m[32mAnalysisModule dependencies initialized[39m[38;5;3m +0ms[39m
[32m[Nest] 17808  - [39m03/02/2026, 01:51:30 [32m    LOG[39m [38;5;3m[InstanceLoader] [39m[32mExportModule dependencies initialized[39m[38;5;3m +0ms[39m
[32m[Nest] 17808  - [39m03/02/2026, 01:51:30 [32m    LOG[39m [38;5;3m[InstanceLoader] [39m[32mAudioModule dependencies initialized[39m[38;5;3m +0ms[39m
[32m[Nest] 17808  - [39m03/02/2026, 01:51:30 [32m    LOG[39m [38;5;3m[RoutesResolver] [39m[32mAppController {/}:[39m[38;5;3m +66ms[39m
[32m[Nest] 17808  - [39m03/02/2026, 01:51:30 [32m    LOG[39m [38;5;3m[RouterExplorer] [39m[32mMapped {/, GET} route[39m[38;5;3m +3ms[39m
[32m[Nest] 17808  - [39m03/02/2026, 01:51:30 [32m    LOG[39m [38;5;3m[RoutesResolver] [39m[32mAudioController {/audio}:[39m[38;5;3m +0ms[39m
[32m[Nest] 17808  - [39m03/02/2026, 01:51:30 [32m    LOG[39m [38;5;3m[RouterExplorer] [39m[32mMapped {/audio/upload, POST} route[39m[38;5;3m +0ms[39m
[32m[Nest] 17808  - [39m03/02/2026, 01:51:30 [32m    LOG[39m [38;5;3m[RouterExplorer] [39m[32mMapped {/audio/:id, GET} route[39m[38;5;3m +1ms[39m
[32m[Nest] 17808  - [39m03/02/2026, 01:51:30 [32m    LOG[39m [38;5;3m[RoutesResolver] [39m[32mTranscriptionController {/transcription}:[39m[38;5;3m +0ms[39m
[32m[Nest] 17808  - [39m03/02/2026, 01:51:30 [32m    LOG[39m [38;5;3m[RouterExplorer] [39m[32mMapped {/transcription/:audioId, POST} route[39m[38;5;3m +0ms[39m
[32m[Nest] 17808  - [39m03/02/2026, 01:51:30 [32m    LOG[39m [38;5;3m[RouterExplorer] [39m[32mMapped {/transcription/:audioId, GET} route[39m[38;5;3m +1ms[39m
[32m[Nest] 17808  - [39m03/02/2026, 01:51:30 [32m    LOG[39m [38;5;3m[RoutesResolver] [39m[32mAnalysisController {/analysis}:[39m[38;5;3m +0ms[39m
[32m[Nest] 17808  - [39m03/02/2026, 01:51:30 [32m    LOG[39m [38;5;3m[RouterExplorer] [39m[32mMapped {/analysis/:audioId, POST} route[39m[38;5;3m +0ms[39m
[32m[Nest] 17808  - [39m03/02/2026, 01:51:30 [32m    LOG[39m [38;5;3m[RouterExplorer] [39m[32mMapped {/analysis/:audioId, GET} route[39m[38;5;3m +0ms[39m
[32m[Nest] 17808  - [39m03/02/2026, 01:51:30 [32m    LOG[39m [38;5;3m[RoutesResolver] [39m[32mExportController {/export}:[39m[38;5;3m +0ms[39m
[32m[Nest] 17808  - [39m03/02/2026, 01:51:30 [32m    LOG[39m [38;5;3m[RouterExplorer] [39m[32mMapped {/export/:audioId/:format, POST} route[39m[38;5;3m +1ms[39m
[32m[Nest] 17808  - [39m03/02/2026, 01:51:30 [32m    LOG[39m [38;5;3m[RouterExplorer] [39m[32mMapped {/export/:exportId, GET} route[39m[38;5;3m +0ms[39m
[32m[Nest] 17808  - [39m03/02/2026, 01:51:30 [32m    LOG[39m [38;5;3m[RouterExplorer] [39m[32mMapped {/export/audio/:audioId, GET} route[39m[38;5;3m +0ms[39m
[32m[Nest] 17808  - [39m03/02/2026, 01:51:30 [32m    LOG[39m [38;5;3m[NestApplication] [39m[32mNest application successfully started[39m[38;5;3m +33ms[39m
